[2025-03-30T08:29:21.813Z] [INFO] Electron应用已准备好
[2025-03-30T08:29:21.816Z] [INFO] 创建主窗口
[2025-03-30T08:29:21.893Z] [INFO] 开发模式 - 加载开发服务器URL
[2025-03-30T08:29:21.915Z] [INFO] 设置IPC处理程序
[2025-03-30T08:29:21.916Z] [INFO] 设置IPC处理程序
[2025-03-30T08:29:21.916Z] [INFO] IPC处理程序设置完成
[2025-03-30T08:29:22.333Z] [DEBUG] IPC调用: workflow:getAll
[2025-03-30T08:29:22.334Z] [DEBUG] IPC调用: script:getAll
[2025-03-30T08:29:22.334Z] [DEBUG] IPC调用: workflow:getAll
[2025-03-30T08:29:22.334Z] [DEBUG] IPC调用: script:getAll
[2025-03-30T08:29:23.756Z] [DEBUG] IPC调用: script:getAll
[2025-03-30T08:29:23.757Z] [DEBUG] IPC调用: script:getAll
[2025-03-30T08:29:25.909Z] [INFO] ===== 开始执行任务 =====
[2025-03-30T08:29:25.909Z] [INFO] 工作流ID: 1743307200521, 任务ID: 1743307208471
[2025-03-30T08:29:25.909Z] [INFO] 任务信息:
[2025-03-30T08:29:25.910Z] [INFO] 开始执行任务: Task 1
[2025-03-30T08:29:25.910Z] [DEBUG] 执行键值对类型任务
[2025-03-30T08:29:25.910Z] [INFO] 准备执行脚本: auto-login-evq
[2025-03-30T08:29:25.910Z] [DEBUG] 脚本参数:
[2025-03-30T08:29:25.910Z] [DEBUG] 找到脚本:
[2025-03-30T08:29:25.910Z] [DEBUG] 参数文件已创建: /var/folders/fy/gl_ghp2n71d2h38hq0x4lrw40000gn/T/task_params_1743323365910.json
[2025-03-30T08:29:25.911Z] [DEBUG] 包装脚本已创建: /var/folders/fy/gl_ghp2n71d2h38hq0x4lrw40000gn/T/task_wrapper_1743323365911.js
[2025-03-30T08:29:25.911Z] [DEBUG] 检测到平台: darwin
[2025-03-30T08:29:25.911Z] [DEBUG] 使用macOS Terminal执行脚本
[2025-03-30T08:29:25.913Z] [INFO] 脚本执行已启动
[2025-03-30T08:29:25.913Z] [INFO] 任务执行结果:
[2025-03-30T08:29:25.913Z] [INFO] ===== 任务执行完成 =====
[2025-03-30T08:30:13.397Z] [INFO] ===== 开始执行任务 =====
[2025-03-30T08:30:13.399Z] [INFO] 工作流ID: 1743307200521, 任务ID: 1743307208471
[2025-03-30T08:30:13.400Z] [INFO] 任务信息:
[2025-03-30T08:30:13.400Z] [INFO] 开始执行任务: Task 1
[2025-03-30T08:30:13.400Z] [DEBUG] 执行键值对类型任务
[2025-03-30T08:30:13.401Z] [INFO] 准备执行脚本: auto-login-evq
[2025-03-30T08:30:13.401Z] [DEBUG] 脚本参数:
[2025-03-30T08:30:13.401Z] [DEBUG] 找到脚本:
[2025-03-30T08:30:13.402Z] [DEBUG] 参数文件已创建: /var/folders/fy/gl_ghp2n71d2h38hq0x4lrw40000gn/T/task_params_1743323413401.json
[2025-03-30T08:30:13.402Z] [DEBUG] 包装脚本已创建: /var/folders/fy/gl_ghp2n71d2h38hq0x4lrw40000gn/T/task_wrapper_1743323413402.js
[2025-03-30T08:30:13.402Z] [DEBUG] 检测到平台: darwin
[2025-03-30T08:30:13.402Z] [DEBUG] 使用macOS Terminal执行脚本
[2025-03-30T08:30:13.405Z] [INFO] 脚本执行已启动
[2025-03-30T08:30:13.405Z] [INFO] 任务执行结果:
[2025-03-30T08:30:13.405Z] [INFO] ===== 任务执行完成 =====
[2025-03-30T08:30:36.152Z] [INFO] 应用即将退出
[2025-03-30T08:30:42.881Z] [INFO] Electron应用已准备好
[2025-03-30T08:30:42.881Z] [INFO] 创建主窗口
[2025-03-30T08:30:42.913Z] [INFO] 开发模式 - 加载开发服务器URL
[2025-03-30T08:30:42.920Z] [INFO] 设置IPC处理程序
[2025-03-30T08:30:42.920Z] [INFO] 设置IPC处理程序
[2025-03-30T08:30:42.921Z] [INFO] IPC处理程序设置完成
[2025-03-30T08:30:43.161Z] [DEBUG] IPC调用: workflow:getAll
[2025-03-30T08:30:43.163Z] [DEBUG] IPC调用: script:getAll
[2025-03-30T08:30:43.164Z] [DEBUG] IPC调用: workflow:getAll
[2025-03-30T08:30:43.164Z] [DEBUG] IPC调用: script:getAll
[2025-03-30T08:30:44.539Z] [DEBUG] IPC调用: script:getAll
[2025-03-30T08:30:44.540Z] [DEBUG] IPC调用: script:getAll
[2025-03-30T08:30:46.313Z] [INFO] ===== 开始执行任务 =====
[2025-03-30T08:30:46.313Z] [INFO] 工作流ID: 1743307200521, 任务ID: 1743307208471
[2025-03-30T08:30:46.314Z] [INFO] 任务信息:
[2025-03-30T08:30:46.315Z] [INFO] 开始执行任务: Task 1
[2025-03-30T08:30:46.315Z] [DEBUG] 执行键值对类型任务
[2025-03-30T08:31:29.622Z] [INFO] 准备执行脚本: auto-login-evq
[2025-03-30T08:31:30.106Z] [DEBUG] 脚本参数:
[2025-03-30T08:32:29.788Z] [DEBUG] 找到脚本:
[2025-03-30T08:32:54.085Z] [DEBUG] 参数文件已创建: /var/folders/fy/gl_ghp2n71d2h38hq0x4lrw40000gn/T/task_params_1743323570967.json
[2025-03-30T08:33:07.202Z] [DEBUG] 包装脚本已创建: /var/folders/fy/gl_ghp2n71d2h38hq0x4lrw40000gn/T/task_wrapper_1743323574918.js
[2025-03-30T08:33:08.868Z] [DEBUG] 检测到平台: darwin
[2025-03-30T08:33:12.251Z] [DEBUG] 使用macOS Terminal执行脚本
[2025-03-30T08:33:16.951Z] [INFO] 脚本执行已启动
[2025-03-30T08:33:31.918Z] [INFO] 任务执行结果:
[2025-03-30T08:33:31.920Z] [INFO] ===== 任务执行完成 =====
[2025-03-30T08:33:51.338Z] [INFO] ===== 开始执行任务 =====
[2025-03-30T08:33:51.339Z] [INFO] 工作流ID: 1743307200521, 任务ID: 1743307208471
[2025-03-30T08:33:51.340Z] [INFO] 任务信息:
[2025-03-30T08:33:51.341Z] [INFO] 开始执行任务: Task 1
[2025-03-30T08:33:51.341Z] [DEBUG] 执行键值对类型任务
[2025-03-30T08:34:16.833Z] [INFO] 准备执行脚本: auto-login-evq
[2025-03-30T08:34:17.334Z] [DEBUG] 脚本参数:
[2025-03-30T08:34:19.703Z] [DEBUG] 找到脚本:
[2025-03-30T08:36:30.905Z] [DEBUG] 参数文件已创建: /var/folders/fy/gl_ghp2n71d2h38hq0x4lrw40000gn/T/task_params_1743323790904.json
[2025-03-30T08:36:30.906Z] [DEBUG] 包装脚本已创建: /var/folders/fy/gl_ghp2n71d2h38hq0x4lrw40000gn/T/task_wrapper_1743323790906.js
[2025-03-30T08:36:30.906Z] [DEBUG] 检测到平台: darwin
[2025-03-30T08:36:30.906Z] [DEBUG] 使用macOS Terminal执行脚本
[2025-03-30T08:36:30.907Z] [INFO] 脚本执行已启动
[2025-03-30T08:36:30.907Z] [INFO] 任务执行结果:
[2025-03-30T08:36:30.907Z] [INFO] ===== 任务执行完成 =====
[2025-03-30T08:36:32.215Z] [INFO] Electron应用已准备好
[2025-03-30T08:36:32.216Z] [INFO] 创建主窗口
[2025-03-30T08:36:32.282Z] [INFO] 开发模式 - 加载开发服务器URL
[2025-03-30T08:36:32.287Z] [INFO] 设置IPC处理程序
[2025-03-30T08:36:32.288Z] [INFO] 设置IPC处理程序
[2025-03-30T08:36:32.288Z] [INFO] IPC处理程序设置完成
[2025-03-30T08:36:32.568Z] [DEBUG] IPC调用: workflow:getAll
[2025-03-30T08:36:32.569Z] [DEBUG] IPC调用: script:getAll
[2025-03-30T08:36:32.569Z] [DEBUG] IPC调用: workflow:getAll
[2025-03-30T08:36:32.569Z] [DEBUG] IPC调用: script:getAll
[2025-03-30T08:36:34.010Z] [DEBUG] IPC调用: script:getAll
[2025-03-30T08:36:34.014Z] [DEBUG] IPC调用: script:getAll
[2025-03-30T08:36:35.502Z] [INFO] ===== 开始执行任务 =====
[2025-03-30T08:36:35.502Z] [INFO] 工作流ID: 1743307200521, 任务ID: 1743307208471
[2025-03-30T08:36:35.503Z] [INFO] 任务信息:
[2025-03-30T08:36:35.503Z] [INFO] 开始执行任务: Task 1
[2025-03-30T08:36:35.504Z] [DEBUG] 执行键值对类型任务
[2025-03-30T08:42:52.549Z] [INFO] 准备执行脚本: auto-login-evq
[2025-03-30T08:42:52.553Z] [DEBUG] 脚本参数:
[2025-03-30T08:42:52.553Z] [DEBUG] 找到脚本:
[2025-03-30T08:42:52.554Z] [DEBUG] 参数文件已创建: /var/folders/fy/gl_ghp2n71d2h38hq0x4lrw40000gn/T/task_params_1743324172553.json
[2025-03-30T08:42:52.555Z] [DEBUG] 包装脚本已创建: /var/folders/fy/gl_ghp2n71d2h38hq0x4lrw40000gn/T/task_wrapper_1743324172554.js
[2025-03-30T08:42:52.555Z] [DEBUG] 检测到平台: darwin
[2025-03-30T08:42:52.555Z] [DEBUG] 使用macOS Terminal执行脚本
[2025-03-30T08:42:52.557Z] [INFO] 脚本执行已启动
[2025-03-30T08:42:52.557Z] [INFO] 任务执行结果:
[2025-03-30T08:42:52.557Z] [INFO] ===== 任务执行完成 =====
[2025-03-30T08:46:37.578Z] [DEBUG] 初始化脚本处理程序
[2025-03-30T08:46:37.579Z] [INFO] 脚本注册服务已初始化
[2025-03-30T08:46:37.635Z] [INFO] Electron应用已准备好
[2025-03-30T08:46:37.635Z] [INFO] 创建主窗口
[2025-03-30T08:46:37.671Z] [INFO] 开发模式 - 加载开发服务器URL
[2025-03-30T08:46:37.678Z] [INFO] 设置IPC处理程序
[2025-03-30T08:46:37.678Z] [INFO] 设置IPC处理程序
[2025-03-30T08:46:37.678Z] [INFO] IPC处理程序设置完成
[2025-03-30T08:46:37.678Z] [DEBUG] 查找脚本: default
[2025-03-30T08:46:37.678Z] [DEBUG] 找到脚本: default
[2025-03-30T08:46:37.863Z] [DEBUG] IPC调用: workflow:getAll
[2025-03-30T08:46:37.863Z] [DEBUG] IPC调用: script:getAll
[2025-03-30T08:46:37.863Z] [DEBUG] IPC调用: workflow:getAll
[2025-03-30T08:46:37.864Z] [DEBUG] IPC调用: script:getAll
[2025-03-30T08:46:39.617Z] [DEBUG] IPC调用: script:getAll
[2025-03-30T08:46:39.617Z] [DEBUG] IPC调用: script:getAll
[2025-03-30T08:46:44.158Z] [INFO] ===== 开始执行任务 =====
[2025-03-30T08:46:44.159Z] [INFO] 工作流ID: 1743307200521, 任务ID: 1743307208471
[2025-03-30T08:46:44.160Z] [INFO] 任务信息:
[2025-03-30T08:46:44.161Z] [INFO] 开始执行任务: Task 1
[2025-03-30T08:46:44.161Z] [DEBUG] 执行键值对类型任务
[2025-03-30T08:46:51.860Z] [INFO] 准备执行脚本: auto-login-evq
[2025-03-30T08:46:52.389Z] [DEBUG] 脚本参数:
[2025-03-30T08:46:53.707Z] [DEBUG] 查找脚本: auto-login-evq
[2025-03-30T08:46:53.707Z] [DEBUG] 找到脚本: auto-login-evq
[2025-03-30T08:46:55.141Z] [DEBUG] 找到脚本:
[2025-03-30T08:47:07.010Z] [DEBUG] 脚本路径: /Users/wangtengyun/workplace/workflow-panel/src/main/scripts/autoLoginEVQ.js
[2025-03-30T08:47:18.173Z] [DEBUG] 参数文件已创建: /var/folders/fy/gl_ghp2n71d2h38hq0x4lrw40000gn/T/task_params_1743324432459.json
[2025-03-30T08:47:29.975Z] [DEBUG] 包装脚本已创建: /var/folders/fy/gl_ghp2n71d2h38hq0x4lrw40000gn/T/task_wrapper_1743324445643.js
[2025-03-30T08:47:31.844Z] [DEBUG] 检测到平台: darwin
[2025-03-30T08:47:34.776Z] [DEBUG] 使用macOS Terminal执行脚本
[2025-03-30T08:48:02.886Z] [INFO] 脚本执行已启动
[2025-03-30T08:48:02.887Z] [INFO] 任务执行结果:
[2025-03-30T08:48:02.887Z] [INFO] ===== 任务执行完成 =====
[2025-03-30T08:48:19.104Z] [DEBUG] 初始化脚本处理程序
[2025-03-30T08:48:19.105Z] [INFO] 脚本注册服务已初始化
[2025-03-30T08:48:19.198Z] [INFO] Electron应用已准备好
[2025-03-30T08:48:19.198Z] [INFO] 创建主窗口
[2025-03-30T08:48:19.241Z] [INFO] 开发模式 - 加载开发服务器URL
[2025-03-30T08:48:19.246Z] [INFO] 设置IPC处理程序
[2025-03-30T08:48:19.247Z] [INFO] 设置IPC处理程序
[2025-03-30T08:48:19.247Z] [INFO] IPC处理程序设置完成
[2025-03-30T08:48:19.247Z] [DEBUG] 查找脚本: default
[2025-03-30T08:48:19.247Z] [DEBUG] 找到脚本: default
[2025-03-30T08:48:19.740Z] [DEBUG] IPC调用: workflow:getAll
[2025-03-30T08:48:19.741Z] [DEBUG] IPC调用: script:getAll
[2025-03-30T08:48:19.741Z] [DEBUG] IPC调用: workflow:getAll
[2025-03-30T08:48:19.741Z] [DEBUG] IPC调用: script:getAll
[2025-03-30T08:48:22.068Z] [DEBUG] IPC调用: script:getAll
[2025-03-30T08:48:22.069Z] [DEBUG] IPC调用: script:getAll
[2025-03-30T08:53:30.085Z] [DEBUG] 初始化脚本处理程序
[2025-03-30T08:53:30.086Z] [INFO] 脚本注册服务已初始化
[2025-03-30T08:53:30.176Z] [INFO] Electron应用已准备好
[2025-03-30T08:53:30.177Z] [INFO] 创建主窗口
[2025-03-30T08:53:30.218Z] [INFO] 开发模式 - 加载开发服务器URL
[2025-03-30T08:53:30.226Z] [INFO] 设置IPC处理程序
[2025-03-30T08:53:30.227Z] [INFO] 设置IPC处理程序
[2025-03-30T08:53:30.227Z] [INFO] IPC处理程序设置完成
[2025-03-30T08:53:30.227Z] [DEBUG] 查找脚本: default
[2025-03-30T08:53:30.227Z] [DEBUG] 找到脚本: default
[2025-03-30T08:53:30.662Z] [DEBUG] IPC调用: workflow:getAll
[2025-03-30T08:53:30.662Z] [DEBUG] IPC调用: script:getAll
[2025-03-30T08:53:30.663Z] [DEBUG] IPC调用: workflow:getAll
[2025-03-30T08:53:30.663Z] [DEBUG] IPC调用: script:getAll
[2025-03-30T08:53:32.438Z] [DEBUG] IPC调用: script:getAll
[2025-03-30T08:53:32.439Z] [DEBUG] IPC调用: script:getAll
[2025-03-30T08:53:38.996Z] [INFO] ===== 开始执行任务 =====
[2025-03-30T08:53:38.996Z] [INFO] 工作流ID: 1743307200521, 任务ID: 1743307208471
[2025-03-30T08:53:38.997Z] [INFO] 任务信息:
[2025-03-30T08:53:38.998Z] [INFO] 开始执行任务: Task 1
[2025-03-30T08:53:38.998Z] [DEBUG] 执行键值对类型任务
[2025-03-30T08:53:47.664Z] [INFO] 准备执行脚本: auto-login-evq
[2025-03-30T08:53:48.463Z] [DEBUG] 脚本参数:
[2025-03-30T08:53:51.663Z] [DEBUG] 查找脚本: auto-login-evq
[2025-03-30T08:53:51.664Z] [DEBUG] 找到脚本: auto-login-evq
[2025-03-30T08:53:52.348Z] [DEBUG] 找到脚本:
[2025-03-30T08:53:54.930Z] [DEBUG] 脚本路径: /Users/wangtengyun/workplace/workflow-panel/src/main/scripts/autoLoginEVQ.js
[2025-03-30T08:53:56.897Z] [INFO] 直接执行脚本: /Users/wangtengyun/workplace/workflow-panel/src/main/scripts/autoLoginEVQ.js
[2025-03-30T08:54:57.732Z] [DEBUG] 调用脚本模块...
[2025-03-30T08:55:22.710Z] [INFO] 脚本执行成功
[2025-03-30T08:55:22.711Z] [DEBUG] 脚本返回结果:
[2025-03-30T08:55:22.711Z] [INFO] 任务执行结果:
[2025-03-30T08:55:22.711Z] [INFO] ===== 任务执行完成 =====
[2025-03-30T08:58:09.453Z] [INFO] ===== 开始执行任务 =====
[2025-03-30T08:58:09.454Z] [INFO] 工作流ID: 1743307200521, 任务ID: 1743307208471
[2025-03-30T08:58:09.455Z] [INFO] 任务信息:
[2025-03-30T08:58:09.455Z] [INFO] 开始执行任务: Task 1
[2025-03-30T08:58:09.456Z] [DEBUG] 执行键值对类型任务
[2025-03-30T08:58:15.581Z] [INFO] 准备执行脚本: auto-login-evq
[2025-03-30T08:58:15.581Z] [DEBUG] 脚本参数:
[2025-03-30T08:58:15.581Z] [DEBUG] 查找脚本: auto-login-evq
[2025-03-30T08:58:15.582Z] [DEBUG] 找到脚本: auto-login-evq
[2025-03-30T08:58:15.582Z] [DEBUG] 找到脚本:
[2025-03-30T08:58:15.582Z] [DEBUG] 脚本路径: /Users/wangtengyun/workplace/workflow-panel/src/main/scripts/autoLoginEVQ.js
[2025-03-30T08:58:15.582Z] [INFO] 直接执行脚本: /Users/wangtengyun/workplace/workflow-panel/src/main/scripts/autoLoginEVQ.js
[2025-03-30T08:58:15.583Z] [DEBUG] 调用脚本模块...
[2025-03-30T08:58:23.351Z] [ERROR] 脚本执行返回错误:
[2025-03-30T08:58:23.351Z] [ERROR] 脚本执行失败:
[2025-03-30T08:58:23.351Z] [INFO] 任务执行结果:
[2025-03-30T08:58:23.351Z] [INFO] ===== 任务执行完成 =====
[2025-03-30T08:58:51.763Z] [DEBUG] 初始化脚本处理程序
[2025-03-30T08:58:51.767Z] [INFO] 脚本注册服务已初始化
[2025-03-30T08:58:51.831Z] [INFO] Electron应用已准备好
[2025-03-30T08:58:51.831Z] [INFO] 创建主窗口
[2025-03-30T08:58:51.881Z] [INFO] 开发模式 - 加载开发服务器URL
[2025-03-30T08:58:51.905Z] [INFO] 设置IPC处理程序
[2025-03-30T08:58:51.905Z] [INFO] 设置IPC处理程序
[2025-03-30T08:58:51.905Z] [INFO] IPC处理程序设置完成
[2025-03-30T08:58:51.906Z] [DEBUG] 查找脚本: default
[2025-03-30T08:58:51.906Z] [DEBUG] 找到脚本: default
[2025-03-30T08:58:52.410Z] [DEBUG] IPC调用: workflow:getAll
[2025-03-30T08:58:52.410Z] [DEBUG] IPC调用: script:getAll
[2025-03-30T08:58:52.411Z] [DEBUG] IPC调用: workflow:getAll
[2025-03-30T08:58:52.411Z] [DEBUG] IPC调用: script:getAll
[2025-03-30T08:58:53.858Z] [DEBUG] IPC调用: script:getAll
[2025-03-30T08:58:53.858Z] [DEBUG] IPC调用: script:getAll
[2025-03-30T08:58:55.314Z] [INFO] ===== 开始执行任务 =====
[2025-03-30T08:58:55.314Z] [INFO] 工作流ID: 1743307200521, 任务ID: 1743307208471
[2025-03-30T08:58:55.315Z] [INFO] 任务信息:
[2025-03-30T08:58:55.315Z] [INFO] 开始执行任务: Task 1
[2025-03-30T08:58:55.315Z] [DEBUG] 执行键值对类型任务
[2025-03-30T08:58:55.316Z] [INFO] 准备执行脚本: auto-login-evq
[2025-03-30T08:58:55.316Z] [DEBUG] 脚本参数:
[2025-03-30T08:58:55.317Z] [DEBUG] 查找脚本: auto-login-evq
[2025-03-30T08:58:55.317Z] [DEBUG] 找到脚本: auto-login-evq
[2025-03-30T08:58:55.317Z] [DEBUG] 找到脚本:
[2025-03-30T08:58:55.317Z] [DEBUG] 脚本路径: /Users/wangtengyun/workplace/workflow-panel/src/main/scripts/autoLoginEVQ.js
[2025-03-30T08:58:55.317Z] [INFO] 直接执行脚本: /Users/wangtengyun/workplace/workflow-panel/src/main/scripts/autoLoginEVQ.js
[2025-03-30T08:58:55.449Z] [DEBUG] 调用脚本模块...
[2025-03-30T08:59:05.535Z] [ERROR] 脚本执行返回错误:
[2025-03-30T08:59:05.535Z] [ERROR] 脚本执行失败:
[2025-03-30T08:59:05.535Z] [INFO] 任务执行结果:
[2025-03-30T08:59:05.535Z] [INFO] ===== 任务执行完成 =====
[2025-03-30T09:00:00.711Z] [DEBUG] IPC调用: task:update
[2025-03-30T09:00:01.408Z] [DEBUG] IPC调用: task:update
[2025-03-30T09:00:05.451Z] [INFO] ===== 开始执行任务 =====
[2025-03-30T09:00:05.452Z] [INFO] 工作流ID: 1743307200521, 任务ID: 1743307208471
[2025-03-30T09:00:05.453Z] [INFO] 任务信息:
[2025-03-30T09:00:05.453Z] [INFO] 开始执行任务: Task 1
[2025-03-30T09:00:05.453Z] [DEBUG] 执行键值对类型任务
[2025-03-30T09:00:05.453Z] [INFO] 准备执行脚本: auto-login-evq
[2025-03-30T09:00:05.453Z] [DEBUG] 脚本参数:
[2025-03-30T09:00:05.454Z] [DEBUG] 查找脚本: auto-login-evq
[2025-03-30T09:00:05.454Z] [DEBUG] 找到脚本: auto-login-evq
[2025-03-30T09:00:05.454Z] [DEBUG] 找到脚本:
[2025-03-30T09:00:05.454Z] [DEBUG] 脚本路径: /Users/wangtengyun/workplace/workflow-panel/src/main/scripts/autoLoginEVQ.js
[2025-03-30T09:00:05.454Z] [INFO] 直接执行脚本: /Users/wangtengyun/workplace/workflow-panel/src/main/scripts/autoLoginEVQ.js
[2025-03-30T09:00:05.454Z] [DEBUG] 调用脚本模块...
[2025-03-30T09:00:08.417Z] [INFO] 脚本执行成功
[2025-03-30T09:00:08.417Z] [DEBUG] 脚本返回结果:
[2025-03-30T09:00:08.417Z] [INFO] 任务执行结果:
[2025-03-30T09:00:08.417Z] [INFO] ===== 任务执行完成 =====
[2025-03-30T09:00:12.590Z] [DEBUG] IPC调用: script:getAll
[2025-03-30T09:00:12.591Z] [DEBUG] IPC调用: script:getAll
[2025-03-30T09:00:14.119Z] [DEBUG] IPC调用: script:getAll
[2025-03-30T09:00:14.120Z] [DEBUG] IPC调用: script:getAll
[2025-03-30T09:00:14.769Z] [DEBUG] IPC调用: script:getAll
[2025-03-30T09:00:14.769Z] [DEBUG] IPC调用: script:getAll
[2025-03-30T09:02:12.285Z] [DEBUG] 初始化脚本处理程序
[2025-03-30T09:02:12.288Z] [INFO] 脚本注册服务已初始化
[2025-03-30T09:02:12.355Z] [INFO] Electron应用已准备好
[2025-03-30T09:02:12.355Z] [INFO] 创建主窗口
[2025-03-30T09:02:12.404Z] [INFO] 开发模式 - 加载开发服务器URL
[2025-03-30T09:02:12.417Z] [INFO] 设置IPC处理程序
[2025-03-30T09:02:12.417Z] [INFO] 设置IPC处理程序
[2025-03-30T09:02:12.417Z] [INFO] IPC处理程序设置完成
[2025-03-30T09:02:12.417Z] [DEBUG] 查找脚本: default
[2025-03-30T09:02:12.417Z] [DEBUG] 找到脚本: default
[2025-03-30T09:02:13.167Z] [DEBUG] IPC调用: workflow:getAll
[2025-03-30T09:02:13.168Z] [DEBUG] IPC调用: script:getAll
[2025-03-30T09:02:13.168Z] [DEBUG] IPC调用: workflow:getAll
[2025-03-30T09:02:13.168Z] [DEBUG] IPC调用: script:getAll
[2025-03-30T09:02:16.108Z] [DEBUG] IPC调用: script:getAll
[2025-03-30T09:02:16.109Z] [DEBUG] IPC调用: script:getAll
[2025-03-30T09:02:22.900Z] [INFO] ===== 开始执行任务 =====
[2025-03-30T09:02:22.901Z] [INFO] 工作流ID: 1743307200521, 任务ID: 1743307208471
[2025-03-30T09:02:22.902Z] [INFO] 任务信息:
[2025-03-30T09:02:22.902Z] [INFO] 开始执行任务: Task 1
[2025-03-30T09:02:22.902Z] [DEBUG] 执行键值对类型任务
[2025-03-30T09:02:22.903Z] [INFO] 准备执行脚本: auto-login-evq
[2025-03-30T09:02:22.903Z] [DEBUG] 脚本参数:
[2025-03-30T09:02:22.903Z] [DEBUG] 查找脚本: auto-login-evq
[2025-03-30T09:02:22.903Z] [DEBUG] 找到脚本: auto-login-evq
[2025-03-30T09:02:22.904Z] [DEBUG] 找到脚本:
[2025-03-30T09:02:22.904Z] [DEBUG] 脚本路径: /Users/wangtengyun/workplace/workflow-panel/src/main/scripts/autoLoginEVQ.js
[2025-03-30T09:02:22.905Z] [INFO] 直接执行脚本: /Users/wangtengyun/workplace/workflow-panel/src/main/scripts/autoLoginEVQ.js
[2025-03-30T09:02:23.036Z] [DEBUG] 调用脚本模块...
[2025-03-30T09:02:25.734Z] [INFO] 脚本执行成功
[2025-03-30T09:02:25.734Z] [DEBUG] 脚本返回结果:
[2025-03-30T09:02:25.734Z] [INFO] 任务执行结果:
[2025-03-30T09:02:25.734Z] [INFO] ===== 任务执行完成 =====
[2025-03-30T09:41:26.209Z] [DEBUG] IPC调用: workflow:getAll
[2025-03-30T09:41:26.212Z] [DEBUG] IPC调用: script:getAll
[2025-03-30T09:41:26.212Z] [DEBUG] IPC调用: workflow:getAll
[2025-03-30T09:41:26.212Z] [DEBUG] IPC调用: script:getAll
[2025-03-31T10:43:33.909Z] [INFO] 所有窗口已关闭
[2025-03-31T12:28:42.857Z] [INFO] Electron应用已准备好
[2025-03-31T12:28:42.862Z] [INFO] 创建主窗口
[2025-03-31T12:28:42.969Z] [INFO] 开发模式 - 加载开发服务器URL
[2025-03-31T12:28:42.995Z] [INFO] 设置IPC处理程序
[2025-03-31T12:28:42.996Z] [INFO] 设置IPC处理程序
[2025-03-31T12:28:42.996Z] [INFO] IPC处理程序设置完成
[2025-03-31T12:28:42.997Z] [ERROR] 未处理的Promise拒绝:
[2025-03-31T12:28:44.252Z] [DEBUG] IPC调用: workflow:getAll
[2025-03-31T12:28:44.253Z] [DEBUG] IPC调用: script:getAll
[2025-03-31T12:28:44.255Z] [DEBUG] IPC调用: workflow:getAll
[2025-03-31T12:28:44.255Z] [DEBUG] IPC调用: script:getAll
[2025-03-31T12:28:48.224Z] [DEBUG] IPC调用: workflow:add
[2025-03-31T12:28:48.423Z] [DEBUG] IPC调用: workflow:add
[2025-03-31T12:29:03.606Z] [INFO] ===== 开始执行任务 =====
[2025-03-31T12:29:03.607Z] [INFO] 工作流ID: 1743129941014, 任务ID: 1743140005839
[2025-03-31T12:29:03.608Z] [INFO] 任务信息:
[2025-03-31T12:29:03.608Z] [INFO] 开始执行任务: test it - 1-1
[2025-03-31T12:29:03.608Z] [DEBUG] 执行命令类型任务
[2025-03-31T12:29:03.608Z] [DEBUG] 任务命令列表:
[2025-03-31T12:29:03.614Z] [INFO] 已启动终端执行命令
[2025-03-31T12:29:03.614Z] [INFO] 任务执行结果:
[2025-03-31T12:29:03.614Z] [INFO] ===== 任务执行完成 =====
[2025-03-31T12:29:24.123Z] [DEBUG] IPC调用: task:add
[2025-03-31T12:29:24.154Z] [DEBUG] IPC调用: script:getAll
[2025-03-31T12:29:24.154Z] [DEBUG] IPC调用: script:getAll
[2025-03-31T12:29:33.160Z] [DEBUG] IPC调用: script:getAll
[2025-03-31T12:29:33.161Z] [DEBUG] IPC调用: script:getAll
[2025-03-31T12:29:54.390Z] [DEBUG] IPC调用: task:delete
[2025-03-31T12:33:53.849Z] [DEBUG] IPC调用: workflow:delete
[2025-03-31T12:33:55.084Z] [DEBUG] IPC调用: workflow:delete
[2025-03-31T12:34:05.215Z] [INFO] 所有窗口已关闭
[2025-03-31T13:31:39.005Z] [INFO] 应用即将退出
[2025-04-03T05:50:22.827Z] [INFO] Electron应用已准备好
[2025-04-03T05:50:22.831Z] [INFO] 创建主窗口
[2025-04-03T05:50:22.984Z] [INFO] 开发模式 - 加载开发服务器URL
[2025-04-03T05:50:23.005Z] [INFO] 设置IPC处理程序
[2025-04-03T05:50:23.005Z] [INFO] 设置IPC处理程序
[2025-04-03T05:50:23.005Z] [INFO] IPC处理程序设置完成
[2025-04-03T05:50:23.006Z] [ERROR] 未处理的Promise拒绝:
[2025-04-03T05:50:23.800Z] [DEBUG] IPC调用: workflow:getAll
[2025-04-03T05:50:23.800Z] [DEBUG] IPC调用: script:getAll
[2025-04-03T05:50:23.802Z] [DEBUG] IPC调用: workflow:getAll
[2025-04-03T05:50:23.802Z] [DEBUG] IPC调用: script:getAll
[2025-04-03T05:58:56.652Z] [DEBUG] IPC调用: task:add
[2025-04-03T05:58:56.687Z] [DEBUG] IPC调用: script:getAll
[2025-04-03T05:58:56.688Z] [DEBUG] IPC调用: script:getAll
[2025-04-03T06:00:42.246Z] [DEBUG] 不创建其他示例脚本，只使用已有的脚本
[2025-04-03T06:00:42.247Z] [DEBUG] 初始化脚本处理程序
[2025-04-03T06:00:42.247Z] [INFO] 脚本注册服务已初始化
[2025-04-03T06:00:42.316Z] [INFO] Electron应用已准备好
[2025-04-03T06:00:42.316Z] [INFO] 创建主窗口
[2025-04-03T06:00:42.352Z] [INFO] 开发模式 - 加载开发服务器URL
[2025-04-03T06:00:42.356Z] [INFO] 设置IPC处理程序
[2025-04-03T06:00:42.357Z] [INFO] 设置IPC处理程序
[2025-04-03T06:00:42.357Z] [INFO] IPC处理程序设置完成
[2025-04-03T06:00:42.357Z] [DEBUG] 查找脚本: default
[2025-04-03T06:00:42.357Z] [DEBUG] 找到脚本: default
[2025-04-03T06:00:43.133Z] [DEBUG] IPC调用: workflow:getAll
[2025-04-03T06:00:43.134Z] [DEBUG] IPC调用: script:getAll
[2025-04-03T06:00:43.134Z] [DEBUG] IPC调用: workflow:getAll
[2025-04-03T06:00:43.134Z] [DEBUG] IPC调用: script:getAll
[2025-04-03T09:14:48.169Z] [INFO] 应用即将退出
[2025-04-04T13:38:34.018Z] [DEBUG] 不创建其他示例脚本，只使用已有的脚本
[2025-04-04T13:38:34.022Z] [DEBUG] 初始化脚本处理程序
[2025-04-04T13:38:34.022Z] [INFO] 脚本注册服务已初始化
[2025-04-04T13:38:34.247Z] [INFO] Electron应用已准备好
[2025-04-04T13:38:34.247Z] [INFO] 创建主窗口
[2025-04-04T13:38:34.360Z] [INFO] 开发模式 - 加载开发服务器URL
[2025-04-04T13:38:34.381Z] [INFO] 设置IPC处理程序
[2025-04-04T13:38:34.382Z] [INFO] 设置IPC处理程序
[2025-04-04T13:38:34.382Z] [INFO] IPC处理程序设置完成
[2025-04-04T13:38:34.382Z] [DEBUG] 查找脚本: default
[2025-04-04T13:38:34.382Z] [DEBUG] 找到脚本: default
[2025-04-04T13:39:26.570Z] [INFO] 所有窗口已关闭
[2025-04-04T13:39:35.877Z] [DEBUG] 不创建其他示例脚本，只使用已有的脚本
[2025-04-04T13:39:35.877Z] [DEBUG] 初始化脚本处理程序
[2025-04-04T13:39:35.877Z] [INFO] 脚本注册服务已初始化
[2025-04-04T13:39:35.941Z] [INFO] Electron应用已准备好
[2025-04-04T13:39:35.941Z] [INFO] 创建主窗口
[2025-04-04T13:39:35.981Z] [INFO] 开发模式 - 加载开发服务器URL
[2025-04-04T13:39:35.989Z] [INFO] 设置IPC处理程序
[2025-04-04T13:39:35.989Z] [INFO] 设置IPC处理程序
[2025-04-04T13:39:35.989Z] [INFO] IPC处理程序设置完成
[2025-04-04T13:39:35.989Z] [DEBUG] 查找脚本: default
[2025-04-04T13:39:35.989Z] [DEBUG] 找到脚本: default
[2025-04-04T13:39:37.459Z] [DEBUG] IPC调用: workflow:getAll
[2025-04-04T13:39:37.460Z] [DEBUG] IPC调用: script:getAll
[2025-04-04T13:39:37.461Z] [DEBUG] IPC调用: workflow:getAll
[2025-04-04T13:39:37.461Z] [DEBUG] IPC调用: script:getAll
[2025-04-04T13:39:50.430Z] [DEBUG] IPC调用: script:getAll
[2025-04-04T13:39:50.431Z] [DEBUG] IPC调用: script:getAll
[2025-04-04T13:39:52.514Z] [DEBUG] IPC调用: workflow:add
[2025-04-04T13:40:09.332Z] [DEBUG] IPC调用: task:delete
[2025-04-04T13:40:15.369Z] [DEBUG] IPC调用: workflow:delete
[2025-04-04T13:52:16.417Z] [DEBUG] IPC调用: task:add
[2025-04-04T14:06:10.379Z] [DEBUG] IPC调用: task:update
[2025-04-04T14:06:14.437Z] [DEBUG] IPC调用: task:update
[2025-04-04T14:06:14.608Z] [DEBUG] IPC调用: task:update
[2025-04-04T14:06:14.988Z] [DEBUG] IPC调用: task:update
[2025-04-04T14:06:15.009Z] [DEBUG] IPC调用: task:update
[2025-04-04T14:06:17.906Z] [DEBUG] IPC调用: task:update
[2025-04-04T14:06:18.141Z] [DEBUG] IPC调用: task:update
[2025-04-04T14:06:18.470Z] [DEBUG] IPC调用: task:update
[2025-04-04T14:06:18.490Z] [DEBUG] IPC调用: task:update
[2025-04-04T14:09:55.071Z] [DEBUG] IPC调用: task:delete
[2025-04-04T14:09:57.683Z] [DEBUG] IPC调用: task:add
[2025-04-04T14:10:04.125Z] [DEBUG] IPC调用: task:update
[2025-04-04T14:10:08.349Z] [DEBUG] IPC调用: task:update
[2025-04-04T14:10:10.766Z] [DEBUG] IPC调用: task:update
[2025-04-04T14:10:11.025Z] [DEBUG] IPC调用: task:update
[2025-04-04T14:10:11.160Z] [DEBUG] IPC调用: task:update
[2025-04-04T14:10:11.470Z] [DEBUG] IPC调用: task:update
[2025-04-04T14:10:11.574Z] [DEBUG] IPC调用: task:update
[2025-04-04T14:10:11.778Z] [DEBUG] IPC调用: task:update
[2025-04-04T14:10:14.232Z] [DEBUG] IPC调用: task:update
[2025-04-04T14:10:14.346Z] [DEBUG] IPC调用: task:update
[2025-04-04T14:10:14.455Z] [DEBUG] IPC调用: task:update
[2025-04-04T14:10:14.642Z] [DEBUG] IPC调用: task:update
[2025-04-04T14:10:15.038Z] [DEBUG] IPC调用: task:update
[2025-04-04T14:10:15.231Z] [DEBUG] IPC调用: task:update
[2025-04-04T14:10:15.391Z] [DEBUG] IPC调用: task:update
[2025-04-04T14:10:15.561Z] [DEBUG] IPC调用: task:update
[2025-04-04T14:10:21.311Z] [DEBUG] IPC调用: task:update
[2025-04-04T14:11:01.782Z] [DEBUG] IPC调用: task:delete
[2025-04-04T14:11:04.548Z] [DEBUG] IPC调用: task:add
[2025-04-04T14:15:50.394Z] [DEBUG] IPC调用: task:update
[2025-04-04T14:15:58.823Z] [DEBUG] IPC调用: task:update
[2025-04-04T14:16:01.769Z] [DEBUG] IPC调用: task:update
[2025-04-04T14:16:08.807Z] [DEBUG] IPC调用: task:update
[2025-04-04T14:16:12.345Z] [DEBUG] IPC调用: task:delete
[2025-04-04T14:16:15.311Z] [DEBUG] IPC调用: task:add
[2025-04-04T14:16:17.822Z] [DEBUG] IPC调用: task:update
[2025-04-04T14:16:19.819Z] [DEBUG] IPC调用: task:update
[2025-04-04T14:16:20.894Z] [DEBUG] IPC调用: task:update
[2025-04-04T14:16:22.704Z] [DEBUG] IPC调用: task:update
[2025-04-04T14:16:26.725Z] [DEBUG] IPC调用: task:update
[2025-04-04T14:16:28.595Z] [DEBUG] IPC调用: task:update
[2025-04-04T14:16:29.876Z] [DEBUG] IPC调用: task:update
[2025-04-04T14:16:30.994Z] [DEBUG] IPC调用: task:update
[2025-04-04T14:16:31.977Z] [DEBUG] IPC调用: task:update
[2025-04-04T14:18:47.085Z] [DEBUG] IPC调用: task:update
[2025-04-04T14:20:20.343Z] [DEBUG] IPC调用: task:delete
[2025-04-04T14:20:23.524Z] [DEBUG] IPC调用: task:add
[2025-04-04T14:20:28.349Z] [DEBUG] IPC调用: task:update
[2025-04-04T14:20:30.215Z] [DEBUG] IPC调用: task:update
[2025-04-04T14:20:35.027Z] [DEBUG] IPC调用: task:update
[2025-04-04T14:20:35.903Z] [DEBUG] IPC调用: task:update
[2025-04-04T14:20:36.072Z] [DEBUG] IPC调用: task:update
[2025-04-04T14:20:36.233Z] [DEBUG] IPC调用: task:update
[2025-04-04T14:20:37.381Z] [DEBUG] IPC调用: task:update
[2025-04-04T14:20:37.595Z] [DEBUG] IPC调用: task:update
[2025-04-04T14:20:37.731Z] [DEBUG] IPC调用: task:update
[2025-04-04T14:20:39.503Z] [DEBUG] IPC调用: task:update
[2025-04-04T14:20:41.333Z] [DEBUG] IPC调用: task:update
[2025-04-04T14:20:41.508Z] [DEBUG] IPC调用: task:update
[2025-04-04T14:20:41.816Z] [DEBUG] IPC调用: task:update
[2025-04-04T14:20:42.020Z] [DEBUG] IPC调用: task:update
[2025-04-04T14:20:42.140Z] [DEBUG] IPC调用: task:update
[2025-04-04T14:20:42.442Z] [DEBUG] IPC调用: task:update
[2025-04-04T14:20:42.746Z] [DEBUG] IPC调用: task:update
[2025-04-04T14:20:43.208Z] [DEBUG] IPC调用: task:update
[2025-04-04T14:20:43.335Z] [DEBUG] IPC调用: task:update
[2025-04-04T14:20:43.870Z] [DEBUG] IPC调用: task:update
[2025-04-04T14:20:45.925Z] [INFO] ===== 开始执行任务 =====
[2025-04-04T14:20:45.925Z] [INFO] 工作流ID: 1743424128422, 任务ID: 1743776423525
[2025-04-04T14:20:45.926Z] [INFO] 任务信息:
[2025-04-04T14:20:45.926Z] [INFO] 开始执行任务: Task 1
[2025-04-04T14:20:45.927Z] [DEBUG] 执行命令类型任务
[2025-04-04T14:20:45.927Z] [DEBUG] 任务命令列表:
[2025-04-04T14:20:45.940Z] [INFO] 已启动终端执行命令
[2025-04-04T14:20:45.940Z] [INFO] 任务执行结果:
[2025-04-04T14:20:45.940Z] [INFO] ===== 任务执行完成 =====
[2025-04-04T14:23:15.114Z] [INFO] 所有窗口已关闭
[2025-04-04T14:23:36.749Z] [INFO] 应用即将退出
[2025-04-04T14:23:49.528Z] [DEBUG] 不创建其他示例脚本，只使用已有的脚本
[2025-04-04T14:23:49.531Z] [DEBUG] 初始化脚本处理程序
[2025-04-04T14:23:49.531Z] [INFO] 脚本注册服务已初始化
[2025-04-04T14:23:49.684Z] [INFO] Electron应用已准备好
[2025-04-04T14:23:49.684Z] [INFO] 创建主窗口
[2025-04-04T14:23:49.787Z] [INFO] 开发模式 - 加载开发服务器URL
[2025-04-04T14:23:49.807Z] [INFO] 设置IPC处理程序
[2025-04-04T14:23:49.807Z] [INFO] 设置IPC处理程序
[2025-04-04T14:23:49.808Z] [INFO] IPC处理程序设置完成
[2025-04-04T14:23:49.808Z] [DEBUG] 查找脚本: default
[2025-04-04T14:23:49.808Z] [DEBUG] 找到脚本: default
[2025-04-04T14:23:50.638Z] [DEBUG] IPC调用: workflow:getAll
[2025-04-04T14:23:50.639Z] [DEBUG] IPC调用: script:getAll
[2025-04-04T14:23:50.639Z] [DEBUG] IPC调用: workflow:getAll
[2025-04-04T14:23:50.639Z] [DEBUG] IPC调用: script:getAll
[2025-04-04T14:36:24.198Z] [DEBUG] IPC调用: task:delete
[2025-04-04T14:36:27.346Z] [DEBUG] IPC调用: task:add
[2025-04-04T14:36:38.143Z] [DEBUG] IPC调用: task:update
[2025-04-04T14:36:42.735Z] [DEBUG] IPC调用: task:update
[2025-04-04T14:36:42.907Z] [DEBUG] IPC调用: task:update
[2025-04-04T14:36:43.109Z] [DEBUG] IPC调用: task:update
[2025-04-04T14:36:46.661Z] [DEBUG] IPC调用: task:delete
[2025-04-04T14:36:49.161Z] [DEBUG] IPC调用: task:add
[2025-04-04T14:36:52.408Z] [DEBUG] IPC调用: task:update
[2025-04-04T14:55:01.435Z] [INFO] 所有窗口已关闭
[2025-04-04T14:55:09.892Z] [INFO] 应用即将退出
[2025-04-04T14:55:12.886Z] [DEBUG] 不创建其他示例脚本，只使用已有的脚本
[2025-04-04T14:55:12.889Z] [DEBUG] 初始化脚本处理程序
[2025-04-04T14:55:12.889Z] [INFO] 脚本注册服务已初始化
[2025-04-04T14:55:13.042Z] [INFO] Electron应用已准备好
[2025-04-04T14:55:13.043Z] [INFO] 创建主窗口
[2025-04-04T14:55:13.116Z] [INFO] 开发模式 - 加载开发服务器URL
[2025-04-04T14:55:13.132Z] [INFO] 设置IPC处理程序
[2025-04-04T14:55:13.133Z] [INFO] 设置IPC处理程序
[2025-04-04T14:55:13.133Z] [INFO] IPC处理程序设置完成
[2025-04-04T14:55:13.133Z] [DEBUG] 查找脚本: default
[2025-04-04T14:55:13.133Z] [DEBUG] 找到脚本: default
[2025-04-04T14:55:13.864Z] [DEBUG] IPC调用: workflow:getAll
[2025-04-04T14:55:13.865Z] [DEBUG] IPC调用: script:getAll
[2025-04-04T14:55:13.865Z] [DEBUG] IPC调用: workflow:getAll
[2025-04-04T14:55:13.865Z] [DEBUG] IPC调用: script:getAll
[2025-04-04T14:55:22.363Z] [DEBUG] IPC调用: task:delete
[2025-04-04T14:55:24.729Z] [DEBUG] IPC调用: task:add
[2025-04-04T14:55:48.863Z] [INFO] 所有窗口已关闭
[2025-04-04T14:55:58.916Z] [DEBUG] 不创建其他示例脚本，只使用已有的脚本
[2025-04-04T14:55:58.917Z] [DEBUG] 初始化脚本处理程序
[2025-04-04T14:55:58.917Z] [INFO] 脚本注册服务已初始化
[2025-04-04T14:55:59.015Z] [INFO] Electron应用已准备好
[2025-04-04T14:55:59.016Z] [INFO] 创建主窗口
[2025-04-04T14:55:59.043Z] [INFO] 开发模式 - 加载开发服务器URL
[2025-04-04T14:55:59.050Z] [INFO] 设置IPC处理程序
[2025-04-04T14:55:59.050Z] [INFO] 设置IPC处理程序
[2025-04-04T14:55:59.050Z] [INFO] IPC处理程序设置完成
[2025-04-04T14:55:59.050Z] [DEBUG] 查找脚本: default
[2025-04-04T14:55:59.050Z] [DEBUG] 找到脚本: default
[2025-04-04T14:55:59.310Z] [DEBUG] IPC调用: workflow:getAll
[2025-04-04T14:55:59.310Z] [DEBUG] IPC调用: script:getAll
[2025-04-04T14:55:59.311Z] [DEBUG] IPC调用: workflow:getAll
[2025-04-04T14:55:59.311Z] [DEBUG] IPC调用: script:getAll
[2025-04-04T14:58:52.246Z] [DEBUG] 不创建其他示例脚本，只使用已有的脚本
[2025-04-04T14:58:52.246Z] [DEBUG] 初始化脚本处理程序
[2025-04-04T14:58:52.247Z] [INFO] 脚本注册服务已初始化
[2025-04-04T14:58:52.300Z] [INFO] Electron应用已准备好
[2025-04-04T14:58:52.300Z] [INFO] 创建主窗口
[2025-04-04T14:58:52.327Z] [INFO] 开发模式 - 加载开发服务器URL
[2025-04-04T14:58:52.331Z] [INFO] 设置IPC处理程序
[2025-04-04T14:58:52.332Z] [INFO] 设置IPC处理程序
[2025-04-04T14:58:52.332Z] [INFO] IPC处理程序设置完成
[2025-04-04T14:58:52.332Z] [DEBUG] 查找脚本: default
[2025-04-04T14:58:52.332Z] [DEBUG] 找到脚本: default
[2025-04-04T14:58:52.592Z] [DEBUG] IPC调用: workflow:getAll
[2025-04-04T14:58:52.592Z] [DEBUG] IPC调用: script:getAll
[2025-04-04T14:58:52.592Z] [DEBUG] IPC调用: workflow:getAll
[2025-04-04T14:58:52.593Z] [DEBUG] IPC调用: script:getAll
[2025-04-04T14:59:19.077Z] [DEBUG] IPC调用: task:update
[2025-04-04T14:59:20.484Z] [DEBUG] IPC调用: task:update
[2025-04-04T14:59:49.715Z] [INFO] ===== 开始执行任务 =====
[2025-04-04T14:59:49.715Z] [INFO] 工作流ID: 1743424128422, 任务ID: 1743778524729, 终端ID: undefined
[2025-04-04T15:00:19.264Z] [INFO] 任务信息:
[2025-04-04T15:00:39.172Z] [ERROR] 任务执行出错:
[2025-04-04T15:00:39.172Z] [INFO] ===== 任务执行失败 =====
[2025-04-04T15:00:40.023Z] [DEBUG] 不创建其他示例脚本，只使用已有的脚本
[2025-04-04T15:00:40.023Z] [DEBUG] 初始化脚本处理程序
[2025-04-04T15:00:40.024Z] [INFO] 脚本注册服务已初始化
[2025-04-04T15:00:40.069Z] [INFO] Electron应用已准备好
[2025-04-04T15:00:40.069Z] [INFO] 创建主窗口
[2025-04-04T15:00:40.102Z] [INFO] 开发模式 - 加载开发服务器URL
[2025-04-04T15:00:40.107Z] [INFO] 设置IPC处理程序
[2025-04-04T15:00:40.107Z] [INFO] 设置IPC处理程序
[2025-04-04T15:00:40.107Z] [INFO] IPC处理程序设置完成
[2025-04-04T15:00:40.107Z] [DEBUG] 查找脚本: default
[2025-04-04T15:00:40.107Z] [DEBUG] 找到脚本: default
[2025-04-04T15:00:40.326Z] [DEBUG] IPC调用: workflow:getAll
[2025-04-04T15:00:40.326Z] [DEBUG] IPC调用: script:getAll
[2025-04-04T15:00:40.326Z] [DEBUG] IPC调用: workflow:getAll
[2025-04-04T15:00:40.327Z] [DEBUG] IPC调用: script:getAll
[2025-04-04T15:06:32.182Z] [DEBUG] 不创建其他示例脚本，只使用已有的脚本
[2025-04-04T15:06:32.182Z] [DEBUG] 初始化脚本处理程序
[2025-04-04T15:06:32.182Z] [INFO] 脚本注册服务已初始化
[2025-04-04T15:06:32.240Z] [INFO] Electron应用已准备好
[2025-04-04T15:06:32.240Z] [INFO] 创建主窗口
[2025-04-04T15:06:32.276Z] [INFO] 开发模式 - 加载开发服务器URL
[2025-04-04T15:06:32.281Z] [INFO] 设置IPC处理程序
[2025-04-04T15:06:32.281Z] [INFO] 设置IPC处理程序
[2025-04-04T15:06:32.281Z] [INFO] IPC处理程序设置完成
[2025-04-04T15:06:32.282Z] [DEBUG] 查找脚本: default
[2025-04-04T15:06:32.282Z] [DEBUG] 找到脚本: default
[2025-04-04T15:06:32.994Z] [DEBUG] IPC调用: workflow:getAll
[2025-04-04T15:06:32.995Z] [DEBUG] IPC调用: script:getAll
[2025-04-04T15:06:32.995Z] [DEBUG] IPC调用: workflow:getAll
[2025-04-04T15:06:32.995Z] [DEBUG] IPC调用: script:getAll
[2025-04-04T15:06:55.067Z] [INFO] ===== 开始执行任务 =====
[2025-04-04T15:06:55.068Z] [INFO] 工作流ID: 1743424128422, 任务ID: 1743778524729, 终端ID: terminal
[2025-04-04T15:06:55.069Z] [INFO] 任务信息:
[2025-04-04T15:06:55.074Z] [INFO] 任务执行结果:
[2025-04-04T15:06:55.075Z] [INFO] ===== 任务执行完成 =====
[2025-04-04T15:07:11.302Z] [INFO] 应用即将退出
[2025-04-04T15:07:20.294Z] [DEBUG] 不创建其他示例脚本，只使用已有的脚本
[2025-04-04T15:07:20.294Z] [DEBUG] 初始化脚本处理程序
[2025-04-04T15:07:20.295Z] [INFO] 脚本注册服务已初始化
[2025-04-04T15:07:20.333Z] [INFO] Electron应用已准备好
[2025-04-04T15:07:20.333Z] [INFO] 创建主窗口
[2025-04-04T15:07:20.364Z] [INFO] 开发模式 - 加载开发服务器URL
[2025-04-04T15:07:20.369Z] [INFO] 设置IPC处理程序
[2025-04-04T15:07:20.369Z] [INFO] 设置IPC处理程序
[2025-04-04T15:07:20.369Z] [INFO] IPC处理程序设置完成
[2025-04-04T15:07:20.369Z] [DEBUG] 查找脚本: default
[2025-04-04T15:07:20.369Z] [DEBUG] 找到脚本: default
[2025-04-04T15:07:49.335Z] [INFO] 所有窗口已关闭
[2025-04-04T15:07:55.405Z] [INFO] 应用即将退出
[2025-04-04T15:07:58.799Z] [DEBUG] 不创建其他示例脚本，只使用已有的脚本
[2025-04-04T15:07:58.800Z] [DEBUG] 初始化脚本处理程序
[2025-04-04T15:07:58.800Z] [INFO] 脚本注册服务已初始化
[2025-04-04T15:07:58.827Z] [INFO] Electron应用已准备好
[2025-04-04T15:07:58.828Z] [INFO] 创建主窗口
[2025-04-04T15:07:58.857Z] [INFO] 开发模式 - 加载开发服务器URL
[2025-04-04T15:07:58.861Z] [INFO] 设置IPC处理程序
[2025-04-04T15:07:58.861Z] [INFO] 设置IPC处理程序
[2025-04-04T15:07:58.862Z] [INFO] IPC处理程序设置完成
[2025-04-04T15:07:58.862Z] [DEBUG] 查找脚本: default
[2025-04-04T15:07:58.862Z] [DEBUG] 找到脚本: default
[2025-04-04T15:07:59.481Z] [DEBUG] IPC调用: workflow:getAll
[2025-04-04T15:07:59.482Z] [DEBUG] IPC调用: script:getAll
[2025-04-04T15:07:59.482Z] [DEBUG] IPC调用: workflow:getAll
[2025-04-04T15:07:59.482Z] [DEBUG] IPC调用: script:getAll
[2025-04-04T15:08:04.000Z] [DEBUG] 不创建其他示例脚本，只使用已有的脚本
[2025-04-04T15:08:04.001Z] [DEBUG] 初始化脚本处理程序
[2025-04-04T15:08:04.001Z] [INFO] 脚本注册服务已初始化
[2025-04-04T15:08:04.056Z] [INFO] Electron应用已准备好
[2025-04-04T15:08:04.056Z] [INFO] 创建主窗口
[2025-04-04T15:08:04.096Z] [INFO] 开发模式 - 加载开发服务器URL
[2025-04-04T15:08:04.101Z] [INFO] 设置IPC处理程序
[2025-04-04T15:08:04.102Z] [INFO] 设置IPC处理程序
[2025-04-04T15:08:04.102Z] [INFO] IPC处理程序设置完成
[2025-04-04T15:08:04.102Z] [DEBUG] 查找脚本: default
[2025-04-04T15:08:04.102Z] [DEBUG] 找到脚本: default
[2025-04-04T15:08:04.430Z] [DEBUG] IPC调用: workflow:getAll
[2025-04-04T15:08:04.431Z] [DEBUG] IPC调用: script:getAll
[2025-04-04T15:08:04.432Z] [DEBUG] IPC调用: workflow:getAll
[2025-04-04T15:08:04.432Z] [DEBUG] IPC调用: script:getAll
[2025-04-04T15:08:16.916Z] [INFO] ===== 开始执行任务 =====
[2025-04-04T15:08:16.918Z] [INFO] 工作流ID: 1743424128422, 任务ID: 1743778524729, 终端ID: terminal
[2025-04-04T15:08:43.649Z] [INFO] 任务信息:
[2025-04-04T15:11:16.471Z] [INFO] 任务执行结果:
[2025-04-04T15:11:16.472Z] [INFO] ===== 任务执行完成 =====
[2025-04-04T15:12:58.178Z] [INFO] ===== 开始执行任务 =====
[2025-04-04T15:12:58.180Z] [INFO] 工作流ID: 1743424128422, 任务ID: 1743778524729, 终端ID: terminal
[2025-04-04T15:12:58.181Z] [INFO] 任务信息:
[2025-04-04T15:12:58.187Z] [INFO] 任务执行结果:
[2025-04-04T15:12:58.187Z] [INFO] ===== 任务执行完成 =====
[2025-04-04T15:13:01.610Z] [INFO] ===== 开始执行任务 =====
[2025-04-04T15:13:01.611Z] [INFO] 工作流ID: 1743424128422, 任务ID: 1743778524729, 终端ID: iterm
[2025-04-04T15:13:01.611Z] [INFO] 任务信息:
[2025-04-04T15:13:01.614Z] [INFO] 任务执行结果:
[2025-04-04T15:13:01.614Z] [INFO] ===== 任务执行完成 =====
[2025-04-04T15:13:02.395Z] [INFO] ===== 开始执行任务 =====
[2025-04-04T15:13:02.396Z] [INFO] 工作流ID: 1743424128422, 任务ID: 1743778524729, 终端ID: iterm
[2025-04-04T15:13:02.396Z] [INFO] 任务信息:
[2025-04-04T15:13:02.399Z] [INFO] 任务执行结果:
[2025-04-04T15:13:02.399Z] [INFO] ===== 任务执行完成 =====
[2025-04-04T15:13:04.262Z] [INFO] ===== 开始执行任务 =====
[2025-04-04T15:13:04.263Z] [INFO] 工作流ID: 1743424128422, 任务ID: 1743778524729, 终端ID: iterm
[2025-04-04T15:13:04.263Z] [INFO] 任务信息:
[2025-04-04T15:13:04.265Z] [INFO] 任务执行结果:
[2025-04-04T15:13:04.266Z] [INFO] ===== 任务执行完成 =====
[2025-04-04T15:13:25.916Z] [INFO] 应用即将退出
[2025-04-04T15:18:58.076Z] [DEBUG] 不创建其他示例脚本，只使用已有的脚本
[2025-04-04T15:18:58.080Z] [DEBUG] 初始化脚本处理程序
[2025-04-04T15:18:58.080Z] [INFO] 脚本注册服务已初始化
[2025-04-04T15:18:58.196Z] [INFO] Electron应用已准备好
[2025-04-04T15:18:58.196Z] [INFO] 创建主窗口
[2025-04-04T15:18:58.271Z] [INFO] 开发模式 - 加载开发服务器URL
[2025-04-04T15:18:58.292Z] [INFO] 设置IPC处理程序
[2025-04-04T15:18:58.293Z] [INFO] 设置IPC处理程序
[2025-04-04T15:18:58.293Z] [INFO] IPC处理程序设置完成
[2025-04-04T15:18:58.293Z] [DEBUG] 查找脚本: default
[2025-04-04T15:18:58.293Z] [DEBUG] 找到脚本: default
[2025-04-04T15:18:59.015Z] [DEBUG] IPC调用: workflow:getAll
[2025-04-04T15:18:59.016Z] [DEBUG] IPC调用: script:getAll
[2025-04-04T15:18:59.017Z] [DEBUG] IPC调用: workflow:getAll
[2025-04-04T15:18:59.017Z] [DEBUG] IPC调用: script:getAll
[2025-04-04T15:19:06.387Z] [INFO] ===== 开始执行任务 =====
[2025-04-04T15:19:06.388Z] [INFO] 工作流ID: 1743424128422, 任务ID: 1743778524729, 终端ID: terminal
[2025-04-04T15:19:06.389Z] [INFO] 任务信息:
[2025-04-04T15:19:06.395Z] [INFO] 任务执行结果:
[2025-04-04T15:19:06.395Z] [INFO] ===== 任务执行完成 =====
[2025-04-04T15:19:10.368Z] [INFO] ===== 开始执行任务 =====
[2025-04-04T15:19:10.369Z] [INFO] 工作流ID: 1743424128422, 任务ID: 1743778524729, 终端ID: terminal
[2025-04-04T15:19:10.369Z] [INFO] 任务信息:
[2025-04-04T15:19:10.372Z] [INFO] 任务执行结果:
[2025-04-04T15:19:10.372Z] [INFO] ===== 任务执行完成 =====
[2025-04-04T15:28:38.136Z] [INFO] 所有窗口已关闭
[2025-04-04T15:28:44.790Z] [INFO] 应用即将退出
[2025-04-04T15:28:47.035Z] [DEBUG] 不创建其他示例脚本，只使用已有的脚本
[2025-04-04T15:28:47.036Z] [DEBUG] 初始化脚本处理程序
[2025-04-04T15:28:47.036Z] [INFO] 脚本注册服务已初始化
[2025-04-04T15:28:47.188Z] [INFO] Electron应用已准备好
[2025-04-04T15:28:47.188Z] [INFO] 创建主窗口
[2025-04-04T15:28:47.235Z] [INFO] 开发模式 - 加载开发服务器URL
[2025-04-04T15:28:47.240Z] [INFO] 设置IPC处理程序
[2025-04-04T15:28:47.240Z] [INFO] 设置IPC处理程序
[2025-04-04T15:28:47.240Z] [INFO] IPC处理程序设置完成
[2025-04-04T15:28:47.240Z] [DEBUG] 查找脚本: default
[2025-04-04T15:28:47.240Z] [DEBUG] 找到脚本: default
[2025-04-04T15:28:47.914Z] [DEBUG] IPC调用: workflow:getAll
[2025-04-04T15:28:47.915Z] [DEBUG] IPC调用: script:getAll
[2025-04-04T15:28:47.916Z] [DEBUG] IPC调用: workflow:getAll
[2025-04-04T15:28:47.916Z] [DEBUG] IPC调用: script:getAll
[2025-04-04T15:28:54.039Z] [INFO] ===== 开始执行任务 =====
[2025-04-04T15:28:54.040Z] [INFO] 工作流ID: 1743424128422, 任务ID: 1743778524729, 终端ID: terminal
[2025-04-04T15:28:54.040Z] [INFO] 任务信息:
[2025-04-04T15:28:54.044Z] [INFO] 任务执行结果:
[2025-04-04T15:28:54.045Z] [INFO] ===== 任务执行完成 =====
[2025-04-04T15:29:25.441Z] [INFO] 应用即将退出
[2025-04-04T15:29:31.141Z] [DEBUG] 不创建其他示例脚本，只使用已有的脚本
[2025-04-04T15:29:31.142Z] [DEBUG] 初始化脚本处理程序
[2025-04-04T15:29:31.142Z] [INFO] 脚本注册服务已初始化
[2025-04-04T15:29:31.180Z] [INFO] Electron应用已准备好
[2025-04-04T15:29:31.180Z] [INFO] 创建主窗口
[2025-04-04T15:29:31.208Z] [INFO] 开发模式 - 加载开发服务器URL
[2025-04-04T15:29:31.213Z] [INFO] 设置IPC处理程序
[2025-04-04T15:29:31.213Z] [INFO] 设置IPC处理程序
[2025-04-04T15:29:31.213Z] [INFO] IPC处理程序设置完成
[2025-04-04T15:29:31.213Z] [DEBUG] 查找脚本: default
[2025-04-04T15:29:31.213Z] [DEBUG] 找到脚本: default
[2025-04-04T15:29:31.798Z] [DEBUG] IPC调用: workflow:getAll
[2025-04-04T15:29:31.799Z] [DEBUG] IPC调用: script:getAll
[2025-04-04T15:29:31.799Z] [DEBUG] IPC调用: workflow:getAll
[2025-04-04T15:29:31.800Z] [DEBUG] IPC调用: script:getAll
[2025-04-04T15:29:39.774Z] [DEBUG] IPC调用: task:add
[2025-04-04T15:30:02.607Z] [INFO] ===== 开始执行任务 =====
[2025-04-04T15:30:02.608Z] [INFO] 工作流ID: 1743424128422, 任务ID: 1743778524729, 终端ID: terminal
[2025-04-04T15:30:02.608Z] [INFO] 任务信息:
[2025-04-04T15:30:02.613Z] [INFO] 任务执行结果:
[2025-04-04T15:30:02.614Z] [INFO] ===== 任务执行完成 =====
[2025-04-04T15:30:11.990Z] [DEBUG] IPC调用: task:update
[2025-04-04T15:30:16.274Z] [INFO] ===== 开始执行任务 =====
[2025-04-04T15:30:16.274Z] [INFO] 工作流ID: 1743424128422, 任务ID: 1743780579775, 终端ID: iterm
[2025-04-04T15:30:16.274Z] [INFO] 任务信息:
[2025-04-04T15:30:16.276Z] [INFO] 任务执行结果:
[2025-04-04T15:30:16.277Z] [INFO] ===== 任务执行完成 =====
[2025-04-04T15:41:18.669Z] [INFO] 所有窗口已关闭
[2025-04-04T15:41:44.733Z] [DEBUG] 不创建其他示例脚本，只使用已有的脚本
[2025-04-04T15:41:44.733Z] [DEBUG] 初始化脚本处理程序
[2025-04-04T15:41:44.733Z] [INFO] 脚本注册服务已初始化
[2025-04-04T15:41:44.785Z] [INFO] Electron应用已准备好
[2025-04-04T15:41:44.785Z] [INFO] 创建主窗口
[2025-04-04T15:41:44.811Z] [INFO] 开发模式 - 加载开发服务器URL
[2025-04-04T15:41:44.816Z] [INFO] 设置IPC处理程序
[2025-04-04T15:41:44.816Z] [INFO] 设置IPC处理程序
[2025-04-04T15:41:44.817Z] [INFO] IPC处理程序设置完成
[2025-04-04T15:41:44.817Z] [DEBUG] 查找脚本: default
[2025-04-04T15:41:44.817Z] [DEBUG] 找到脚本: default
[2025-04-04T15:41:45.086Z] [DEBUG] IPC调用: workflow:getAll
[2025-04-04T15:41:45.087Z] [DEBUG] IPC调用: script:getAll
[2025-04-04T15:41:45.087Z] [DEBUG] IPC调用: workflow:getAll
[2025-04-04T15:41:45.087Z] [DEBUG] IPC调用: script:getAll
[2025-04-04T15:42:00.115Z] [INFO] ===== Starting task execution =====
[2025-04-04T15:42:00.116Z] [INFO] Workflow ID: 1743424128422, Task ID: 1743778524729, Terminal ID: terminal
[2025-04-04T15:42:00.117Z] [INFO] Task info:
[2025-04-04T15:42:00.118Z] [INFO] Starting task: Task 1
[2025-04-04T15:42:00.118Z] [DEBUG] Running command task
[2025-04-04T15:42:00.118Z] [DEBUG] Task commands:
[2025-04-04T15:42:00.124Z] [INFO] Terminal launched for command execution
[2025-04-04T15:42:00.125Z] [INFO] Task execution result:
[2025-04-04T15:42:00.125Z] [INFO] ===== Task execution completed =====
[2025-04-04T15:42:15.028Z] [INFO] ===== Starting task execution =====
[2025-04-04T15:42:15.028Z] [INFO] Workflow ID: 1743424128422, Task ID: 1743780579775, Terminal ID: terminal
[2025-04-04T15:42:15.029Z] [INFO] Task info:
[2025-04-04T15:42:15.029Z] [INFO] Starting task: Task 2
[2025-04-04T15:42:15.029Z] [DEBUG] Running command task
[2025-04-04T15:42:15.029Z] [DEBUG] Task commands:
[2025-04-04T15:42:15.032Z] [INFO] Terminal launched for command execution
[2025-04-04T15:42:15.032Z] [INFO] Task execution result:
[2025-04-04T15:42:15.033Z] [INFO] ===== Task execution completed =====
